<?xml version="1.0" encoding="UTF-8"?>
<robot generator="Robot 6.0.2 (Python 3.9.6 on darwin)" generated="20231014 19:45:00.574" rpa="false" schemaversion="3">
<suite id="s1" name="Web Site Suit" source="/Users/Mikhail_Chizhov/PycharmProjects/pythonProject1/tests/web_site_suit.robot">
<kw name="Open Browser" library="SeleniumLibrary" type="SETUP">
<arg>https://www.demoblaze.com/</arg>
<arg>Chrome</arg>
<doc>Opens a new browser instance to the optional ``url``.</doc>
<msg timestamp="20231014 19:45:00.663" level="INFO">Opening browser 'Chrome' to base url 'https://www.demoblaze.com/'.</msg>
<status status="PASS" starttime="20231014 19:45:00.663" endtime="20231014 19:45:04.163"/>
</kw>
<test id="s1-t1" name="Product Selection Test" line="38">
<kw name="Login">
<var>${driver}</var>
<doc>Log in with test credentials</doc>
<kw name="Create Webdriver" library="SeleniumLibrary">
<var>${driver}</var>
<arg>Chrome</arg>
<doc>Creates an instance of Selenium WebDriver.</doc>
<msg timestamp="20231014 19:45:04.164" level="INFO">Creating an instance of the Chrome WebDriver.</msg>
<msg timestamp="20231014 19:45:05.414" level="INFO">${driver} = 2</msg>
<status status="PASS" starttime="20231014 19:45:04.164" endtime="20231014 19:45:05.414"/>
</kw>
<kw name="Go To" library="SeleniumLibrary">
<arg>https://www.demoblaze.com/</arg>
<doc>Navigates the current browser window to the provided ``url``.</doc>
<msg timestamp="20231014 19:45:05.415" level="INFO">Opening url 'https://www.demoblaze.com/'</msg>
<status status="PASS" starttime="20231014 19:45:05.415" endtime="20231014 19:45:06.714"/>
</kw>
<kw name="Click Element" library="SeleniumLibrary">
<arg>id=login2</arg>
<doc>Click the element identified by ``locator``.</doc>
<msg timestamp="20231014 19:45:06.714" level="INFO">Clicking element 'id=login2'.</msg>
<status status="PASS" starttime="20231014 19:45:06.714" endtime="20231014 19:45:06.764"/>
</kw>
<kw name="Wait Until Element Is Visible" library="SeleniumLibrary">
<arg>id=loginusername</arg>
<doc>Waits until the element ``locator`` is visible.</doc>
<status status="PASS" starttime="20231014 19:45:06.764" endtime="20231014 19:45:06.994"/>
</kw>
<kw name="Input Text" library="SeleniumLibrary">
<arg>id=loginusername</arg>
<arg>test_user0000</arg>
<doc>Types the given ``text`` into the text field identified by ``locator``.</doc>
<msg timestamp="20231014 19:45:06.995" level="INFO">Typing text 'test_user0000' into text field 'id=loginusername'.</msg>
<status status="PASS" starttime="20231014 19:45:06.994" endtime="20231014 19:45:07.099"/>
</kw>
<kw name="Input Text" library="SeleniumLibrary">
<arg>id=loginpassword</arg>
<arg>Test1234</arg>
<doc>Types the given ``text`` into the text field identified by ``locator``.</doc>
<msg timestamp="20231014 19:45:07.100" level="INFO">Typing text 'Test1234' into text field 'id=loginpassword'.</msg>
<status status="PASS" starttime="20231014 19:45:07.099" endtime="20231014 19:45:07.146"/>
</kw>
<kw name="Click Element" library="SeleniumLibrary">
<arg>xpath=//*[@id='logInModal']/div/div/div[3]/button[2]</arg>
<doc>Click the element identified by ``locator``.</doc>
<msg timestamp="20231014 19:45:07.147" level="INFO">Clicking element 'xpath=//*[@id='logInModal']/div/div/div[3]/button[2]'.</msg>
<status status="PASS" starttime="20231014 19:45:07.146" endtime="20231014 19:45:07.177"/>
</kw>
<kw name="Wait Until Element Is Visible" library="SeleniumLibrary">
<arg>id=logout2</arg>
<doc>Waits until the element ``locator`` is visible.</doc>
<status status="PASS" starttime="20231014 19:45:07.178" endtime="20231014 19:45:08.287"/>
</kw>
<msg timestamp="20231014 19:45:08.288" level="INFO">${driver} = 2</msg>
<status status="PASS" starttime="20231014 19:45:04.164" endtime="20231014 19:45:08.288"/>
</kw>
<kw name="Click Element" library="SeleniumLibrary">
<arg>link=Monitors</arg>
<doc>Click the element identified by ``locator``.</doc>
<msg timestamp="20231014 19:45:08.288" level="INFO">Clicking element 'link=Monitors'.</msg>
<status status="PASS" starttime="20231014 19:45:08.288" endtime="20231014 19:45:08.327"/>
</kw>
<kw name="Sleep" library="BuiltIn">
<arg>2s</arg>
<doc>Pauses the test executed for the given time.</doc>
<msg timestamp="20231014 19:45:10.329" level="INFO">Slept 2 seconds</msg>
<status status="PASS" starttime="20231014 19:45:08.327" endtime="20231014 19:45:10.331"/>
</kw>
<kw name="Get Element Count" library="SeleniumLibrary">
<var>${count}</var>
<arg>xpath=//*[@id="tbodyid"]/div</arg>
<doc>Returns the number of elements matching ``locator``.</doc>
<msg timestamp="20231014 19:45:10.346" level="INFO">${count} = 2</msg>
<status status="PASS" starttime="20231014 19:45:10.332" endtime="20231014 19:45:10.346"/>
</kw>
<kw name="Log" library="BuiltIn">
<arg>Total number of divs inside tbodyid: ${count}</arg>
<doc>Logs the given message with the given level.</doc>
<msg timestamp="20231014 19:45:10.346" level="INFO">Total number of divs inside tbodyid: 2</msg>
<status status="PASS" starttime="20231014 19:45:10.346" endtime="20231014 19:45:10.347"/>
</kw>
<for flavor="IN RANGE">
<var>${i}</var>
<value>1</value>
<value>${count + 1}</value>
<iter>
<var name="${i}">1</var>
<kw name="Set Variable" library="BuiltIn">
<var>${price_path}</var>
<arg>//*[@id="tbodyid"]/div[${i}]/div/div/h5</arg>
<doc>Returns the given values which can then be assigned to a variables.</doc>
<msg timestamp="20231014 19:45:10.348" level="INFO">${price_path} = //*[@id="tbodyid"]/div[1]/div/div/h5</msg>
<status status="PASS" starttime="20231014 19:45:10.348" endtime="20231014 19:45:10.348"/>
</kw>
<kw name="Get Text" library="SeleniumLibrary">
<var>${price_text}</var>
<arg>${price_path}</arg>
<doc>Returns the text value of the element identified by ``locator``.</doc>
<msg timestamp="20231014 19:45:10.366" level="INFO">${price_text} = $400</msg>
<status status="PASS" starttime="20231014 19:45:10.349" endtime="20231014 19:45:10.366"/>
</kw>
<kw name="Log" library="BuiltIn">
<arg>Price text for div ${i}: ${price_text}</arg>
<doc>Logs the given message with the given level.</doc>
<msg timestamp="20231014 19:45:10.367" level="INFO">Price text for div 1: $400</msg>
<status status="PASS" starttime="20231014 19:45:10.367" endtime="20231014 19:45:10.367"/>
</kw>
<kw name="Extract Number From Price">
<var>${price}</var>
<arg>${price_text}</arg>
<kw name="Replace String" library="String">
<var>${price_without_dollar}</var>
<arg>${price_text}</arg>
<arg>$</arg>
<arg>${EMPTY}</arg>
<doc>Replaces ``search_for`` in the given ``string`` with ``replace_with``.</doc>
<msg timestamp="20231014 19:45:10.368" level="INFO">${price_without_dollar} = 400</msg>
<status status="PASS" starttime="20231014 19:45:10.367" endtime="20231014 19:45:10.368"/>
</kw>
<kw name="Convert To Number" library="BuiltIn">
<var>${number}</var>
<arg>${price_without_dollar}</arg>
<doc>Converts the given item to a floating point number.</doc>
<msg timestamp="20231014 19:45:10.368" level="INFO">${number} = 400.0</msg>
<status status="PASS" starttime="20231014 19:45:10.368" endtime="20231014 19:45:10.368"/>
</kw>
<msg timestamp="20231014 19:45:10.369" level="INFO">${price} = 400.0</msg>
<status status="PASS" starttime="20231014 19:45:10.367" endtime="20231014 19:45:10.369"/>
</kw>
<kw name="Log" library="BuiltIn">
<arg>Price value for div ${i}: ${price}</arg>
<doc>Logs the given message with the given level.</doc>
<msg timestamp="20231014 19:45:10.369" level="INFO">Price value for div 1: 400.0</msg>
<status status="PASS" starttime="20231014 19:45:10.369" endtime="20231014 19:45:10.369"/>
</kw>
<kw name="Run Keyword If" library="BuiltIn">
<arg>${price} &gt; ${MAX_PRICE}</arg>
<arg>Update Max Price</arg>
<arg>${price}</arg>
<arg>${i}</arg>
<doc>Runs the given keyword with the given arguments, if ``condition`` is true.</doc>
<kw name="Update Max Price">
<arg>${price}</arg>
<arg>${i}</arg>
<kw name="Set Test Variable" library="BuiltIn">
<arg>${MAX_PRICE}</arg>
<arg>${price}</arg>
<doc>Makes a variable available everywhere within the scope of the current test.</doc>
<msg timestamp="20231014 19:45:10.370" level="INFO">${MAX_PRICE} = 400.0</msg>
<status status="PASS" starttime="20231014 19:45:10.370" endtime="20231014 19:45:10.370"/>
</kw>
<kw name="Set Test Variable" library="BuiltIn">
<arg>${MAX_INDEX}</arg>
<arg>${index}</arg>
<doc>Makes a variable available everywhere within the scope of the current test.</doc>
<msg timestamp="20231014 19:45:10.371" level="INFO">${MAX_INDEX} = 1</msg>
<status status="PASS" starttime="20231014 19:45:10.370" endtime="20231014 19:45:10.371"/>
</kw>
<kw name="Log" library="BuiltIn">
<arg>Updated max price to ${price} for child element at index ${index}</arg>
<doc>Logs the given message with the given level.</doc>
<msg timestamp="20231014 19:45:10.371" level="INFO">Updated max price to 400.0 for child element at index 1</msg>
<status status="PASS" starttime="20231014 19:45:10.371" endtime="20231014 19:45:10.371"/>
</kw>
<status status="PASS" starttime="20231014 19:45:10.369" endtime="20231014 19:45:10.371"/>
</kw>
<status status="PASS" starttime="20231014 19:45:10.369" endtime="20231014 19:45:10.371"/>
</kw>
<kw name="Log" library="BuiltIn">
<arg>Current max price: ${MAX_PRICE} for div at index ${MAX_INDEX}</arg>
<doc>Logs the given message with the given level.</doc>
<msg timestamp="20231014 19:45:10.372" level="INFO">Current max price: 400.0 for div at index 1</msg>
<status status="PASS" starttime="20231014 19:45:10.372" endtime="20231014 19:45:10.372"/>
</kw>
<status status="PASS" starttime="20231014 19:45:10.348" endtime="20231014 19:45:10.372"/>
</iter>
<iter>
<var name="${i}">2</var>
<kw name="Set Variable" library="BuiltIn">
<var>${price_path}</var>
<arg>//*[@id="tbodyid"]/div[${i}]/div/div/h5</arg>
<doc>Returns the given values which can then be assigned to a variables.</doc>
<msg timestamp="20231014 19:45:10.372" level="INFO">${price_path} = //*[@id="tbodyid"]/div[2]/div/div/h5</msg>
<status status="PASS" starttime="20231014 19:45:10.372" endtime="20231014 19:45:10.372"/>
</kw>
<kw name="Get Text" library="SeleniumLibrary">
<var>${price_text}</var>
<arg>${price_path}</arg>
<doc>Returns the text value of the element identified by ``locator``.</doc>
<msg timestamp="20231014 19:45:10.383" level="INFO">${price_text} = $230</msg>
<status status="PASS" starttime="20231014 19:45:10.372" endtime="20231014 19:45:10.383"/>
</kw>
<kw name="Log" library="BuiltIn">
<arg>Price text for div ${i}: ${price_text}</arg>
<doc>Logs the given message with the given level.</doc>
<msg timestamp="20231014 19:45:10.384" level="INFO">Price text for div 2: $230</msg>
<status status="PASS" starttime="20231014 19:45:10.383" endtime="20231014 19:45:10.384"/>
</kw>
<kw name="Extract Number From Price">
<var>${price}</var>
<arg>${price_text}</arg>
<kw name="Replace String" library="String">
<var>${price_without_dollar}</var>
<arg>${price_text}</arg>
<arg>$</arg>
<arg>${EMPTY}</arg>
<doc>Replaces ``search_for`` in the given ``string`` with ``replace_with``.</doc>
<msg timestamp="20231014 19:45:10.385" level="INFO">${price_without_dollar} = 230</msg>
<status status="PASS" starttime="20231014 19:45:10.384" endtime="20231014 19:45:10.385"/>
</kw>
<kw name="Convert To Number" library="BuiltIn">
<var>${number}</var>
<arg>${price_without_dollar}</arg>
<doc>Converts the given item to a floating point number.</doc>
<msg timestamp="20231014 19:45:10.385" level="INFO">${number} = 230.0</msg>
<status status="PASS" starttime="20231014 19:45:10.385" endtime="20231014 19:45:10.385"/>
</kw>
<msg timestamp="20231014 19:45:10.385" level="INFO">${price} = 230.0</msg>
<status status="PASS" starttime="20231014 19:45:10.384" endtime="20231014 19:45:10.385"/>
</kw>
<kw name="Log" library="BuiltIn">
<arg>Price value for div ${i}: ${price}</arg>
<doc>Logs the given message with the given level.</doc>
<msg timestamp="20231014 19:45:10.386" level="INFO">Price value for div 2: 230.0</msg>
<status status="PASS" starttime="20231014 19:45:10.385" endtime="20231014 19:45:10.386"/>
</kw>
<kw name="Run Keyword If" library="BuiltIn">
<arg>${price} &gt; ${MAX_PRICE}</arg>
<arg>Update Max Price</arg>
<arg>${price}</arg>
<arg>${i}</arg>
<doc>Runs the given keyword with the given arguments, if ``condition`` is true.</doc>
<status status="PASS" starttime="20231014 19:45:10.386" endtime="20231014 19:45:10.386"/>
</kw>
<kw name="Log" library="BuiltIn">
<arg>Current max price: ${MAX_PRICE} for div at index ${MAX_INDEX}</arg>
<doc>Logs the given message with the given level.</doc>
<msg timestamp="20231014 19:45:10.386" level="INFO">Current max price: 400.0 for div at index 1</msg>
<status status="PASS" starttime="20231014 19:45:10.386" endtime="20231014 19:45:10.386"/>
</kw>
<status status="PASS" starttime="20231014 19:45:10.372" endtime="20231014 19:45:10.386"/>
</iter>
<status status="PASS" starttime="20231014 19:45:10.347" endtime="20231014 19:45:10.386"/>
</for>
<kw name="Click Element" library="SeleniumLibrary">
<arg>xpath=//*[@id="tbodyid"]/div[${MAX_INDEX}]</arg>
<doc>Click the element identified by ``locator``.</doc>
<msg timestamp="20231014 19:45:10.387" level="INFO">Clicking element 'xpath=//*[@id="tbodyid"]/div[1]'.</msg>
<status status="PASS" starttime="20231014 19:45:10.386" endtime="20231014 19:45:10.869"/>
</kw>
<kw name="Log" library="BuiltIn">
<arg>Clicked on div at index ${MAX_INDEX} with highest price of ${MAX_PRICE}</arg>
<doc>Logs the given message with the given level.</doc>
<msg timestamp="20231014 19:45:10.870" level="INFO">Clicked on div at index 1 with highest price of 400.0</msg>
<status status="PASS" starttime="20231014 19:45:10.869" endtime="20231014 19:45:10.870"/>
</kw>
<kw name="Sleep" library="BuiltIn">
<arg>3s</arg>
<doc>Pauses the test executed for the given time.</doc>
<msg timestamp="20231014 19:45:13.872" level="INFO">Slept 3 seconds</msg>
<status status="PASS" starttime="20231014 19:45:10.870" endtime="20231014 19:45:13.887"/>
</kw>
<kw name="Click Element" library="SeleniumLibrary">
<arg>id=cartur</arg>
<doc>Click the element identified by ``locator``.</doc>
<msg timestamp="20231014 19:45:13.891" level="INFO">Clicking element 'id=cartur'.</msg>
<status status="PASS" starttime="20231014 19:45:13.888" endtime="20231014 19:45:14.372"/>
</kw>
<doc>Test product selection and adding to cart</doc>
<tag>Product</tag>
<status status="PASS" starttime="20231014 19:45:04.163" endtime="20231014 19:45:14.372"/>
</test>
<kw name="Close Browser" library="SeleniumLibrary" type="TEARDOWN">
<doc>Closes the current browser.</doc>
<status status="PASS" starttime="20231014 19:45:14.373" endtime="20231014 19:45:14.448"/>
</kw>
<status status="PASS" starttime="20231014 19:45:00.575" endtime="20231014 19:45:14.448"/>
</suite>
<statistics>
<total>
<stat pass="1" fail="0" skip="0">All Tests</stat>
</total>
<tag>
<stat pass="1" fail="0" skip="0">Product</stat>
</tag>
<suite>
<stat pass="1" fail="0" skip="0" id="s1" name="Web Site Suit">Web Site Suit</stat>
</suite>
</statistics>
<errors>
</errors>
</robot>
