<?xml version="1.0" encoding="UTF-8"?>
<robot generator="Robot 6.0.2 (Python 3.9.6 on darwin)" generated="20231014 19:58:52.160" rpa="false" schemaversion="3">
<suite id="s1" name="Web Site Suit" source="/Users/Mikhail_Chizhov/PycharmProjects/pythonProject1/tests/web_site_suit.robot">
<kw name="Open Browser" library="SeleniumLibrary" type="SETUP">
<arg>https://www.demoblaze.com/</arg>
<arg>Chrome</arg>
<doc>Opens a new browser instance to the optional ``url``.</doc>
<msg timestamp="20231014 19:58:52.250" level="INFO">Opening browser 'Chrome' to base url 'https://www.demoblaze.com/'.</msg>
<status status="PASS" starttime="20231014 19:58:52.250" endtime="20231014 19:58:55.359"/>
</kw>
<test id="s1-t1" name="Product Selection Test" line="38">
<kw name="Login">
<var>${driver}</var>
<doc>Log in with test credentials</doc>
<kw name="Create Webdriver" library="SeleniumLibrary">
<var>${driver}</var>
<arg>Chrome</arg>
<doc>Creates an instance of Selenium WebDriver.</doc>
<msg timestamp="20231014 19:58:55.360" level="INFO">Creating an instance of the Chrome WebDriver.</msg>
<msg timestamp="20231014 19:58:56.690" level="INFO">${driver} = 2</msg>
<status status="PASS" starttime="20231014 19:58:55.360" endtime="20231014 19:58:56.690"/>
</kw>
<kw name="Go To" library="SeleniumLibrary">
<arg>https://www.demoblaze.com/</arg>
<doc>Navigates the current browser window to the provided ``url``.</doc>
<msg timestamp="20231014 19:58:56.691" level="INFO">Opening url 'https://www.demoblaze.com/'</msg>
<status status="PASS" starttime="20231014 19:58:56.690" endtime="20231014 19:58:57.739"/>
</kw>
<kw name="Click Element" library="SeleniumLibrary">
<arg>id=login2</arg>
<doc>Click the element identified by ``locator``.</doc>
<msg timestamp="20231014 19:58:57.740" level="INFO">Clicking element 'id=login2'.</msg>
<status status="PASS" starttime="20231014 19:58:57.740" endtime="20231014 19:58:57.780"/>
</kw>
<kw name="Wait Until Element Is Visible" library="SeleniumLibrary">
<arg>id=loginusername</arg>
<doc>Waits until the element ``locator`` is visible.</doc>
<status status="PASS" starttime="20231014 19:58:57.780" endtime="20231014 19:58:58.007"/>
</kw>
<kw name="Input Text" library="SeleniumLibrary">
<arg>id=loginusername</arg>
<arg>test_user0000</arg>
<doc>Types the given ``text`` into the text field identified by ``locator``.</doc>
<msg timestamp="20231014 19:58:58.008" level="INFO">Typing text 'test_user0000' into text field 'id=loginusername'.</msg>
<status status="PASS" starttime="20231014 19:58:58.008" endtime="20231014 19:58:58.119"/>
</kw>
<kw name="Input Text" library="SeleniumLibrary">
<arg>id=loginpassword</arg>
<arg>Test1234</arg>
<doc>Types the given ``text`` into the text field identified by ``locator``.</doc>
<msg timestamp="20231014 19:58:58.120" level="INFO">Typing text 'Test1234' into text field 'id=loginpassword'.</msg>
<status status="PASS" starttime="20231014 19:58:58.119" endtime="20231014 19:58:58.164"/>
</kw>
<kw name="Click Element" library="SeleniumLibrary">
<arg>xpath=//*[@id='logInModal']/div/div/div[3]/button[2]</arg>
<doc>Click the element identified by ``locator``.</doc>
<msg timestamp="20231014 19:58:58.165" level="INFO">Clicking element 'xpath=//*[@id='logInModal']/div/div/div[3]/button[2]'.</msg>
<status status="PASS" starttime="20231014 19:58:58.165" endtime="20231014 19:58:58.193"/>
</kw>
<kw name="Wait Until Element Is Visible" library="SeleniumLibrary">
<arg>id=logout2</arg>
<doc>Waits until the element ``locator`` is visible.</doc>
<status status="PASS" starttime="20231014 19:58:58.193" endtime="20231014 19:58:59.267"/>
</kw>
<msg timestamp="20231014 19:58:59.267" level="INFO">${driver} = 2</msg>
<status status="PASS" starttime="20231014 19:58:55.360" endtime="20231014 19:58:59.267"/>
</kw>
<kw name="Click Element" library="SeleniumLibrary">
<arg>link=Monitors</arg>
<doc>Click the element identified by ``locator``.</doc>
<msg timestamp="20231014 19:58:59.267" level="INFO">Clicking element 'link=Monitors'.</msg>
<status status="PASS" starttime="20231014 19:58:59.267" endtime="20231014 19:58:59.295"/>
</kw>
<kw name="Sleep" library="BuiltIn">
<arg>2s</arg>
<doc>Pauses the test executed for the given time.</doc>
<msg timestamp="20231014 19:59:01.298" level="INFO">Slept 2 seconds</msg>
<status status="PASS" starttime="20231014 19:58:59.295" endtime="20231014 19:59:01.299"/>
</kw>
<kw name="Get Element Count" library="SeleniumLibrary">
<var>${count}</var>
<arg>xpath=//*[@id="tbodyid"]/div</arg>
<doc>Returns the number of elements matching ``locator``.</doc>
<msg timestamp="20231014 19:59:01.318" level="INFO">${count} = 2</msg>
<status status="PASS" starttime="20231014 19:59:01.300" endtime="20231014 19:59:01.318"/>
</kw>
<kw name="Log" library="BuiltIn">
<arg>Total number of divs inside tbodyid: ${count}</arg>
<doc>Logs the given message with the given level.</doc>
<msg timestamp="20231014 19:59:01.319" level="INFO">Total number of divs inside tbodyid: 2</msg>
<status status="PASS" starttime="20231014 19:59:01.319" endtime="20231014 19:59:01.319"/>
</kw>
<for flavor="IN RANGE">
<var>${i}</var>
<value>1</value>
<value>${count + 1}</value>
<iter>
<var name="${i}">1</var>
<kw name="Set Variable" library="BuiltIn">
<var>${price_path}</var>
<arg>//*[@id="tbodyid"]/div[${i}]/div/div/h5</arg>
<doc>Returns the given values which can then be assigned to a variables.</doc>
<msg timestamp="20231014 19:59:01.321" level="INFO">${price_path} = //*[@id="tbodyid"]/div[1]/div/div/h5</msg>
<status status="PASS" starttime="20231014 19:59:01.320" endtime="20231014 19:59:01.321"/>
</kw>
<kw name="Get Text" library="SeleniumLibrary">
<var>${price_text}</var>
<arg>${price_path}</arg>
<doc>Returns the text value of the element identified by ``locator``.</doc>
<msg timestamp="20231014 19:59:01.338" level="INFO">${price_text} = $400</msg>
<status status="PASS" starttime="20231014 19:59:01.321" endtime="20231014 19:59:01.339"/>
</kw>
<kw name="Log" library="BuiltIn">
<arg>Price text for div ${i}: ${price_text}</arg>
<doc>Logs the given message with the given level.</doc>
<msg timestamp="20231014 19:59:01.339" level="INFO">Price text for div 1: $400</msg>
<status status="PASS" starttime="20231014 19:59:01.339" endtime="20231014 19:59:01.339"/>
</kw>
<kw name="Extract Number From Price">
<var>${price}</var>
<arg>${price_text}</arg>
<kw name="Replace String" library="String">
<var>${price_without_dollar}</var>
<arg>${price_text}</arg>
<arg>$</arg>
<arg>${EMPTY}</arg>
<doc>Replaces ``search_for`` in the given ``string`` with ``replace_with``.</doc>
<msg timestamp="20231014 19:59:01.340" level="INFO">${price_without_dollar} = 400</msg>
<status status="PASS" starttime="20231014 19:59:01.339" endtime="20231014 19:59:01.340"/>
</kw>
<kw name="Convert To Number" library="BuiltIn">
<var>${number}</var>
<arg>${price_without_dollar}</arg>
<doc>Converts the given item to a floating point number.</doc>
<msg timestamp="20231014 19:59:01.340" level="INFO">${number} = 400.0</msg>
<status status="PASS" starttime="20231014 19:59:01.340" endtime="20231014 19:59:01.341"/>
</kw>
<msg timestamp="20231014 19:59:01.341" level="INFO">${price} = 400.0</msg>
<status status="PASS" starttime="20231014 19:59:01.339" endtime="20231014 19:59:01.341"/>
</kw>
<kw name="Log" library="BuiltIn">
<arg>Price value for div ${i}: ${price}</arg>
<doc>Logs the given message with the given level.</doc>
<msg timestamp="20231014 19:59:01.341" level="INFO">Price value for div 1: 400.0</msg>
<status status="PASS" starttime="20231014 19:59:01.341" endtime="20231014 19:59:01.341"/>
</kw>
<kw name="Run Keyword If" library="BuiltIn">
<arg>${price} &gt; ${MAX_PRICE}</arg>
<arg>Update Max Price</arg>
<arg>${price}</arg>
<arg>${i}</arg>
<doc>Runs the given keyword with the given arguments, if ``condition`` is true.</doc>
<kw name="Update Max Price">
<arg>${price}</arg>
<arg>${i}</arg>
<kw name="Set Test Variable" library="BuiltIn">
<arg>${MAX_PRICE}</arg>
<arg>${price}</arg>
<doc>Makes a variable available everywhere within the scope of the current test.</doc>
<msg timestamp="20231014 19:59:01.342" level="INFO">${MAX_PRICE} = 400.0</msg>
<status status="PASS" starttime="20231014 19:59:01.342" endtime="20231014 19:59:01.342"/>
</kw>
<kw name="Set Test Variable" library="BuiltIn">
<arg>${MAX_INDEX}</arg>
<arg>${index}</arg>
<doc>Makes a variable available everywhere within the scope of the current test.</doc>
<msg timestamp="20231014 19:59:01.344" level="INFO">${MAX_INDEX} = 1</msg>
<status status="PASS" starttime="20231014 19:59:01.343" endtime="20231014 19:59:01.344"/>
</kw>
<kw name="Log" library="BuiltIn">
<arg>Updated max price to ${price} for child element at index ${index}</arg>
<doc>Logs the given message with the given level.</doc>
<msg timestamp="20231014 19:59:01.344" level="INFO">Updated max price to 400.0 for child element at index 1</msg>
<status status="PASS" starttime="20231014 19:59:01.344" endtime="20231014 19:59:01.344"/>
</kw>
<status status="PASS" starttime="20231014 19:59:01.342" endtime="20231014 19:59:01.344"/>
</kw>
<status status="PASS" starttime="20231014 19:59:01.341" endtime="20231014 19:59:01.344"/>
</kw>
<kw name="Log" library="BuiltIn">
<arg>Current max price: ${MAX_PRICE} for div at index ${MAX_INDEX}</arg>
<doc>Logs the given message with the given level.</doc>
<msg timestamp="20231014 19:59:01.345" level="INFO">Current max price: 400.0 for div at index 1</msg>
<status status="PASS" starttime="20231014 19:59:01.344" endtime="20231014 19:59:01.345"/>
</kw>
<status status="PASS" starttime="20231014 19:59:01.320" endtime="20231014 19:59:01.345"/>
</iter>
<iter>
<var name="${i}">2</var>
<kw name="Set Variable" library="BuiltIn">
<var>${price_path}</var>
<arg>//*[@id="tbodyid"]/div[${i}]/div/div/h5</arg>
<doc>Returns the given values which can then be assigned to a variables.</doc>
<msg timestamp="20231014 19:59:01.345" level="INFO">${price_path} = //*[@id="tbodyid"]/div[2]/div/div/h5</msg>
<status status="PASS" starttime="20231014 19:59:01.345" endtime="20231014 19:59:01.345"/>
</kw>
<kw name="Get Text" library="SeleniumLibrary">
<var>${price_text}</var>
<arg>${price_path}</arg>
<doc>Returns the text value of the element identified by ``locator``.</doc>
<msg timestamp="20231014 19:59:01.357" level="INFO">${price_text} = $230</msg>
<status status="PASS" starttime="20231014 19:59:01.345" endtime="20231014 19:59:01.357"/>
</kw>
<kw name="Log" library="BuiltIn">
<arg>Price text for div ${i}: ${price_text}</arg>
<doc>Logs the given message with the given level.</doc>
<msg timestamp="20231014 19:59:01.358" level="INFO">Price text for div 2: $230</msg>
<status status="PASS" starttime="20231014 19:59:01.357" endtime="20231014 19:59:01.358"/>
</kw>
<kw name="Extract Number From Price">
<var>${price}</var>
<arg>${price_text}</arg>
<kw name="Replace String" library="String">
<var>${price_without_dollar}</var>
<arg>${price_text}</arg>
<arg>$</arg>
<arg>${EMPTY}</arg>
<doc>Replaces ``search_for`` in the given ``string`` with ``replace_with``.</doc>
<msg timestamp="20231014 19:59:01.358" level="INFO">${price_without_dollar} = 230</msg>
<status status="PASS" starttime="20231014 19:59:01.358" endtime="20231014 19:59:01.358"/>
</kw>
<kw name="Convert To Number" library="BuiltIn">
<var>${number}</var>
<arg>${price_without_dollar}</arg>
<doc>Converts the given item to a floating point number.</doc>
<msg timestamp="20231014 19:59:01.359" level="INFO">${number} = 230.0</msg>
<status status="PASS" starttime="20231014 19:59:01.358" endtime="20231014 19:59:01.359"/>
</kw>
<msg timestamp="20231014 19:59:01.359" level="INFO">${price} = 230.0</msg>
<status status="PASS" starttime="20231014 19:59:01.358" endtime="20231014 19:59:01.359"/>
</kw>
<kw name="Log" library="BuiltIn">
<arg>Price value for div ${i}: ${price}</arg>
<doc>Logs the given message with the given level.</doc>
<msg timestamp="20231014 19:59:01.359" level="INFO">Price value for div 2: 230.0</msg>
<status status="PASS" starttime="20231014 19:59:01.359" endtime="20231014 19:59:01.359"/>
</kw>
<kw name="Run Keyword If" library="BuiltIn">
<arg>${price} &gt; ${MAX_PRICE}</arg>
<arg>Update Max Price</arg>
<arg>${price}</arg>
<arg>${i}</arg>
<doc>Runs the given keyword with the given arguments, if ``condition`` is true.</doc>
<status status="PASS" starttime="20231014 19:59:01.359" endtime="20231014 19:59:01.360"/>
</kw>
<kw name="Log" library="BuiltIn">
<arg>Current max price: ${MAX_PRICE} for div at index ${MAX_INDEX}</arg>
<doc>Logs the given message with the given level.</doc>
<msg timestamp="20231014 19:59:01.360" level="INFO">Current max price: 400.0 for div at index 1</msg>
<status status="PASS" starttime="20231014 19:59:01.360" endtime="20231014 19:59:01.360"/>
</kw>
<status status="PASS" starttime="20231014 19:59:01.345" endtime="20231014 19:59:01.360"/>
</iter>
<status status="PASS" starttime="20231014 19:59:01.319" endtime="20231014 19:59:01.360"/>
</for>
<kw name="Click Element" library="SeleniumLibrary">
<arg>xpath=//*[@id="tbodyid"]/div[${MAX_INDEX}]</arg>
<doc>Click the element identified by ``locator``.</doc>
<msg timestamp="20231014 19:59:01.361" level="INFO">Clicking element 'xpath=//*[@id="tbodyid"]/div[1]'.</msg>
<status status="PASS" starttime="20231014 19:59:01.360" endtime="20231014 19:59:01.824"/>
</kw>
<kw name="Log" library="BuiltIn">
<arg>Clicked on div at index ${MAX_INDEX} with highest price of ${MAX_PRICE}</arg>
<doc>Logs the given message with the given level.</doc>
<msg timestamp="20231014 19:59:01.825" level="INFO">Clicked on div at index 1 with highest price of 400.0</msg>
<status status="PASS" starttime="20231014 19:59:01.824" endtime="20231014 19:59:01.825"/>
</kw>
<kw name="Sleep" library="BuiltIn">
<arg>3s</arg>
<doc>Pauses the test executed for the given time.</doc>
<msg timestamp="20231014 19:59:04.826" level="INFO">Slept 3 seconds</msg>
<status status="PASS" starttime="20231014 19:59:01.825" endtime="20231014 19:59:04.827"/>
</kw>
<kw name="Click Element" library="SeleniumLibrary">
<arg>Link=Add to cart</arg>
<doc>Click the element identified by ``locator``.</doc>
<msg timestamp="20231014 19:59:04.829" level="INFO">Clicking element 'Link=Add to cart'.</msg>
<status status="PASS" starttime="20231014 19:59:04.827" endtime="20231014 19:59:04.862"/>
</kw>
<kw name="Sleep" library="BuiltIn">
<arg>5s</arg>
<doc>Pauses the test executed for the given time.</doc>
<msg timestamp="20231014 19:59:09.863" level="INFO">Slept 5 seconds</msg>
<status status="PASS" starttime="20231014 19:59:04.862" endtime="20231014 19:59:09.864"/>
</kw>
<kw name="Click Element" library="SeleniumLibrary">
<arg>id=cartur</arg>
<doc>Click the element identified by ``locator``.</doc>
<msg timestamp="20231014 19:59:09.867" level="INFO">Clicking element 'id=cartur'.</msg>
<msg timestamp="20231014 19:59:10.183" level="INFO" html="true">&lt;/td&gt;&lt;/tr&gt;&lt;tr&gt;&lt;td colspan="3"&gt;&lt;a href="selenium-screenshot-8.png"&gt;&lt;img src="selenium-screenshot-8.png" width="800px"&gt;&lt;/a&gt;</msg>
<msg timestamp="20231014 19:59:10.184" level="FAIL">UnexpectedAlertPresentException: Alert Text: Product added.
Message: unexpected alert open: {Alert text : Product added.}
  (Session info: chrome=118.0.5993.70)
Stacktrace:
0   chromedriver                        0x0000000103360510 chromedriver + 4310288
1   chromedriver                        0x00000001033584bc chromedriver + 4277436
2   chromedriver                        0x0000000102f8bb6c chromedriver + 293740
3   chromedriver                        0x000000010300c384 chromedriver + 820100
4   chromedriver                        0x0000000102fc4fd0 chromedriver + 528336
5   chromedriver                        0x0000000102fc5e7c chromedriver + 532092
6   chromedriver                        0x0000000103326834 chromedriver + 4073524
7   chromedriver                        0x000000010332a7fc chromedriver + 4089852
8   chromedriver                        0x000000010332ac58 chromedriver + 4090968
9   chromedriver                        0x00000001033308f8 chromedriver + 4114680
10  chromedriver                        0x000000010332b234 chromedriver + 4092468
11  chromedriver                        0x0000000103305604 chromedriver + 3937796
12  chromedriver                        0x0000000103347ee8 chromedriver + 4210408
13  chromedriver                        0x0000000103348064 chromedriver + 4210788
14  chromedriver                        0x0000000103358134 chromedriver + 4276532
15  libsystem_pthread.dylib             0x000000019e78906c _pthread_start + 148
16  libsystem_pthread.dylib             0x000000019e783e2c thread_start + 8
</msg>
<status status="FAIL" starttime="20231014 19:59:09.865" endtime="20231014 19:59:10.191"/>
</kw>
<kw name="Sleep" library="BuiltIn">
<arg>3s</arg>
<doc>Pauses the test executed for the given time.</doc>
<status status="NOT RUN" starttime="20231014 19:59:10.191" endtime="20231014 19:59:10.192"/>
</kw>
<doc>Test product selection and adding to cart</doc>
<tag>Product</tag>
<status status="FAIL" starttime="20231014 19:58:55.359" endtime="20231014 19:59:10.192">UnexpectedAlertPresentException: Alert Text: Product added.
Message: unexpected alert open: {Alert text : Product added.}
  (Session info: chrome=118.0.5993.70)
Stacktrace:
0   chromedriver                        0x0000000103360510 chromedriver + 4310288
1   chromedriver                        0x00000001033584bc chromedriver + 4277436
2   chromedriver                        0x0000000102f8bb6c chromedriver + 293740
3   chromedriver                        0x000000010300c384 chromedriver + 820100
4   chromedriver                        0x0000000102fc4fd0 chromedriver + 528336
5   chromedriver                        0x0000000102fc5e7c chromedriver + 532092
6   chromedriver                        0x0000000103326834 chromedriver + 4073524
7   chromedriver                        0x000000010332a7fc chromedriver + 4089852
8   chromedriver                        0x000000010332ac58 chromedriver + 4090968
9   chromedriver                        0x00000001033308f8 chromedriver + 4114680
10  chromedriver                        0x000000010332b234 chromedriver + 4092468
11  chromedriver                        0x0000000103305604 chromedriver + 3937796
12  chromedriver                        0x0000000103347ee8 chromedriver + 4210408
13  chromedriver                        0x0000000103348064 chromedriver + 4210788
14  chromedriver                        0x0000000103358134 chromedriver + 4276532
15  libsystem_pthread.dylib             0x000000019e78906c _pthread_start + 148
16  libsystem_pthread.dylib             0x000000019e783e2c thread_start + 8
</status>
</test>
<kw name="Close Browser" library="SeleniumLibrary" type="TEARDOWN">
<doc>Closes the current browser.</doc>
<status status="PASS" starttime="20231014 19:59:10.192" endtime="20231014 19:59:10.278"/>
</kw>
<status status="FAIL" starttime="20231014 19:58:52.161" endtime="20231014 19:59:10.278"/>
</suite>
<statistics>
<total>
<stat pass="0" fail="1" skip="0">All Tests</stat>
</total>
<tag>
<stat pass="0" fail="1" skip="0">Product</stat>
</tag>
<suite>
<stat pass="0" fail="1" skip="0" id="s1" name="Web Site Suit">Web Site Suit</stat>
</suite>
</statistics>
<errors>
</errors>
</robot>
